[debug] [2021-06-16T13:26:17.783Z] ----------------------------------------------------------------------
[debug] [2021-06-16T13:26:17.785Z] Command:       /usr/local/bin/firebase /Users/baps/.cache/firebase/tools/lib/node_modules/firebase-tools/lib/bin/firebase init
[debug] [2021-06-16T13:26:17.785Z] CLI Version:   7.6.1
[debug] [2021-06-16T13:26:17.785Z] Platform:      darwin
[debug] [2021-06-16T13:26:17.785Z] Node Version:  v10.15.3
[debug] [2021-06-16T13:26:17.787Z] Time:          Wed Jun 16 2021 18:56:17 GMT+0530 (India Standard Time)
[debug] [2021-06-16T13:26:17.787Z] ----------------------------------------------------------------------
[debug] [2021-06-16T13:26:17.787Z] 
[debug] [2021-06-16T13:26:17.799Z] > command requires scopes: ["email","openid","https://www.googleapis.com/auth/cloudplatformprojects.readonly","https://www.googleapis.com/auth/firebase","https://www.googleapis.com/auth/cloud-platform"]
[debug] [2021-06-16T13:26:17.800Z] > authorizing via signed-in user
[info] 
     ######## #### ########  ######## ########     ###     ######  ########
     ##        ##  ##     ## ##       ##     ##  ##   ##  ##       ##
     ######    ##  ########  ######   ########  #########  ######  ######
     ##        ##  ##    ##  ##       ##     ## ##     ##       ## ##
     ##       #### ##     ## ######## ########  ##     ##  ######  ########

You're about to initialize a Firebase project in this directory:

  /Users/baps/flutter/FlutterWeb/personal_website

Before we get started, keep in mind:

  * You are initializing in an existing Firebase project directory

[info] 
=== Project Setup
[info] 
[info] First, let's associate this project directory with a Firebase project.
[info] You can create multiple project aliases by running firebase use --add, 
[info] but for now we'll just set up a default project.
[info] 
[info] i  .firebaserc already has a default project, using flutterwebhostexample.
[debug] [2021-06-16T13:26:42.889Z] > refreshing access token with scopes: ["email","https://www.googleapis.com/auth/cloud-platform","https://www.googleapis.com/auth/cloudplatformprojects.readonly","https://www.googleapis.com/auth/firebase","openid"]
[debug] [2021-06-16T13:26:42.890Z] >>> HTTP REQUEST POST https://www.googleapis.com/oauth2/v3/token  
 <request body omitted>
[debug] [2021-06-16T13:26:44.665Z] <<< HTTP RESPONSE 400
[debug] [2021-06-16T13:26:44.667Z] >>> HTTP REQUEST GET https://firebase.googleapis.com/v1beta1/projects/flutterwebhostexample  
 
[debug] [2021-06-16T13:26:45.118Z] <<< HTTP RESPONSE 401
[debug] [2021-06-16T13:26:45.118Z] <<< HTTP RESPONSE BODY
[debug] [2021-06-16T13:26:45.120Z] HTTP Error: 401, Request had invalid authentication credentials. Expected OAuth 2 access token, login cookie or other valid authentication credential. See https://developers.google.com/identity/sign-in/web/devconsole-project.
[debug] [2021-06-16T13:26:45.460Z] FirebaseError: HTTP Error: 401, Request had invalid authentication credentials. Expected OAuth 2 access token, login cookie or other valid authentication credential. See https://developers.google.com/identity/sign-in/web/devconsole-project.
    at module.exports (/Users/baps/.cache/firebase/tools/lib/node_modules/firebase-tools/lib/responseToError.js:38:12)
    at Request._callback (/Users/baps/.cache/firebase/tools/lib/node_modules/firebase-tools/lib/api.js:39:35)
    at Request.self.callback (/Users/baps/.cache/firebase/tools/lib/node_modules/request/request.js:185:22)
    at Request.emit (events.js:189:13)
    at Request.EventEmitter.emit (domain.js:441:20)
    at Request.<anonymous> (/Users/baps/.cache/firebase/tools/lib/node_modules/request/request.js:1161:10)
    at Request.emit (events.js:189:13)
    at Request.EventEmitter.emit (domain.js:441:20)
    at IncomingMessage.<anonymous> (/Users/baps/.cache/firebase/tools/lib/node_modules/request/request.js:1083:12)
    at Object.onceWrapper (events.js:277:13)
[error] 
[error] Error: Failed to get Firebase project flutterwebhostexample. Please make sure the project exists and your account has permission to access it.
